  GameState_Platformer.c
c:\users\owner\source\repos\cs529proj2platformer\project 2 part 2 - platformer\gamestate_platformer.c(586): warning C4554: '&': check operator precedence for possible error; use parentheses to clarify precedence
c:\users\owner\source\repos\cs529proj2platformer\project 2 part 2 - platformer\gamestate_platformer.c(591): warning C4244: '=': conversion from 'double' to 'float', possible loss of data
c:\users\owner\source\repos\cs529proj2platformer\project 2 part 2 - platformer\gamestate_platformer.c(612): warning C4244: 'function': conversion from 'double' to 'float', possible loss of data
c:\users\owner\source\repos\cs529proj2platformer\project 2 part 2 - platformer\gamestate_platformer.c(629): warning C4554: '&': check operator precedence for possible error; use parentheses to clarify precedence
c:\users\owner\source\repos\cs529proj2platformer\project 2 part 2 - platformer\gamestate_platformer.c(636): warning C4244: '+=': conversion from 'double' to 'float', possible loss of data
c:\users\owner\source\repos\cs529proj2platformer\project 2 part 2 - platformer\gamestate_platformer.c(637): warning C4244: '+=': conversion from 'double' to 'float', possible loss of data
c:\users\owner\source\repos\cs529proj2platformer\project 2 part 2 - platformer\gamestate_platformer.c(660): warning C4554: '&': check operator precedence for possible error; use parentheses to clarify precedence
c:\users\owner\source\repos\cs529proj2platformer\project 2 part 2 - platformer\gamestate_platformer.c(740): warning C4554: '&': check operator precedence for possible error; use parentheses to clarify precedence
c:\users\owner\source\repos\cs529proj2platformer\project 2 part 2 - platformer\gamestate_platformer.c(748): warning C4244: 'function': conversion from 'int' to 'float', possible loss of data
c:\users\owner\source\repos\cs529proj2platformer\project 2 part 2 - platformer\gamestate_platformer.c(772): warning C4554: '&': check operator precedence for possible error; use parentheses to clarify precedence
c:\users\owner\source\repos\cs529proj2platformer\project 2 part 2 - platformer\gamestate_platformer.c(819): warning C4554: '&': check operator precedence for possible error; use parentheses to clarify precedence
c:\users\owner\source\repos\cs529proj2platformer\project 2 part 2 - platformer\gamestate_platformer.c(822): warning C4047: 'function': 'Matrix2D *' differs in levels of indirection from 'float (*)[3][3]'
c:\users\owner\source\repos\cs529proj2platformer\project 2 part 2 - platformer\gamestate_platformer.c(822): warning C4024: 'Matrix2DConcat': different types for formal and actual parameter 1
c:\users\owner\source\repos\cs529proj2platformer\project 2 part 2 - platformer\gamestate_platformer.c(822): warning C4024: 'Matrix2DConcat': different types for formal and actual parameter 3
c:\users\owner\source\repos\cs529proj2platformer\project 2 part 2 - platformer\gamestate_platformer.c(861): warning C4018: '<': signed/unsigned mismatch
c:\users\owner\source\repos\cs529proj2platformer\project 2 part 2 - platformer\gamestate_platformer.c(1125): warning C4028: formal parameter 1 different from declaration
c:\users\owner\source\repos\cs529proj2platformer\project 2 part 2 - platformer\gamestate_platformer.c(1125): warning C4028: formal parameter 2 different from declaration
c:\users\owner\source\repos\cs529proj2platformer\project 2 part 2 - platformer\gamestate_platformer.c(1147): warning C4244: 'initializing': conversion from 'float' to 'int', possible loss of data
c:\users\owner\source\repos\cs529proj2platformer\project 2 part 2 - platformer\gamestate_platformer.c(1148): warning C4244: 'initializing': conversion from 'float' to 'int', possible loss of data
c:\users\owner\source\repos\cs529proj2platformer\project 2 part 2 - platformer\gamestate_platformer.c(1150): warning C4244: 'initializing': conversion from 'float' to 'int', possible loss of data
c:\users\owner\source\repos\cs529proj2platformer\project 2 part 2 - platformer\gamestate_platformer.c(1151): warning C4244: 'initializing': conversion from 'float' to 'int', possible loss of data
c:\users\owner\source\repos\cs529proj2platformer\project 2 part 2 - platformer\gamestate_platformer.c(1153): warning C4244: 'initializing': conversion from 'float' to 'int', possible loss of data
c:\users\owner\source\repos\cs529proj2platformer\project 2 part 2 - platformer\gamestate_platformer.c(1154): warning C4244: 'initializing': conversion from 'float' to 'int', possible loss of data
c:\users\owner\source\repos\cs529proj2platformer\project 2 part 2 - platformer\gamestate_platformer.c(1156): warning C4244: 'initializing': conversion from 'float' to 'int', possible loss of data
c:\users\owner\source\repos\cs529proj2platformer\project 2 part 2 - platformer\gamestate_platformer.c(1157): warning C4244: 'initializing': conversion from 'float' to 'int', possible loss of data
c:\users\owner\source\repos\cs529proj2platformer\project 2 part 2 - platformer\gamestate_platformer.c(1159): warning C4244: 'initializing': conversion from 'float' to 'int', possible loss of data
c:\users\owner\source\repos\cs529proj2platformer\project 2 part 2 - platformer\gamestate_platformer.c(1160): warning C4244: 'initializing': conversion from 'float' to 'int', possible loss of data
c:\users\owner\source\repos\cs529proj2platformer\project 2 part 2 - platformer\gamestate_platformer.c(1162): warning C4244: 'initializing': conversion from 'float' to 'int', possible loss of data
c:\users\owner\source\repos\cs529proj2platformer\project 2 part 2 - platformer\gamestate_platformer.c(1163): warning C4244: 'initializing': conversion from 'float' to 'int', possible loss of data
c:\users\owner\source\repos\cs529proj2platformer\project 2 part 2 - platformer\gamestate_platformer.c(1165): warning C4244: 'initializing': conversion from 'float' to 'int', possible loss of data
c:\users\owner\source\repos\cs529proj2platformer\project 2 part 2 - platformer\gamestate_platformer.c(1166): warning C4244: 'initializing': conversion from 'float' to 'int', possible loss of data
c:\users\owner\source\repos\cs529proj2platformer\project 2 part 2 - platformer\gamestate_platformer.c(1168): warning C4244: 'initializing': conversion from 'float' to 'int', possible loss of data
c:\users\owner\source\repos\cs529proj2platformer\project 2 part 2 - platformer\gamestate_platformer.c(1169): warning C4244: 'initializing': conversion from 'float' to 'int', possible loss of data
c:\users\owner\source\repos\cs529proj2platformer\project 2 part 2 - platformer\gamestate_platformer.c(1272): warning C4996: 'fopen': This function or variable may be unsafe. Consider using fopen_s instead. To disable deprecation, use _CRT_SECURE_NO_WARNINGS. See online help for details.
  c:\program files (x86)\windows kits\10\include\10.0.10240.0\ucrt\stdio.h(205): note: see declaration of 'fopen'
c:\users\owner\source\repos\cs529proj2platformer\project 2 part 2 - platformer\gamestate_platformer.c(1280): warning C4996: 'fscanf': This function or variable may be unsafe. Consider using fscanf_s instead. To disable deprecation, use _CRT_SECURE_NO_WARNINGS. See online help for details.
  c:\program files (x86)\windows kits\10\include\10.0.10240.0\ucrt\stdio.h(1193): note: see declaration of 'fscanf'
c:\users\owner\source\repos\cs529proj2platformer\project 2 part 2 - platformer\gamestate_platformer.c(1281): warning C4996: 'fscanf': This function or variable may be unsafe. Consider using fscanf_s instead. To disable deprecation, use _CRT_SECURE_NO_WARNINGS. See online help for details.
  c:\program files (x86)\windows kits\10\include\10.0.10240.0\ucrt\stdio.h(1193): note: see declaration of 'fscanf'
c:\users\owner\source\repos\cs529proj2platformer\project 2 part 2 - platformer\gamestate_platformer.c(1307): warning C4996: 'fscanf': This function or variable may be unsafe. Consider using fscanf_s instead. To disable deprecation, use _CRT_SECURE_NO_WARNINGS. See online help for details.
  c:\program files (x86)\windows kits\10\include\10.0.10240.0\ucrt\stdio.h(1193): note: see declaration of 'fscanf'
c:\users\owner\source\repos\cs529proj2platformer\project 2 part 2 - platformer\gamestate_platformer.c(1398): warning C4244: 'function': conversion from 'float' to 'int', possible loss of data
c:\users\owner\source\repos\cs529proj2platformer\project 2 part 2 - platformer\gamestate_platformer.c(1398): warning C4554: '&': check operator precedence for possible error; use parentheses to clarify precedence
c:\users\owner\source\repos\cs529proj2platformer\project 2 part 2 - platformer\gamestate_platformer.c(1432): warning C4244: 'function': conversion from 'float' to 'int', possible loss of data
c:\users\owner\source\repos\cs529proj2platformer\project 2 part 2 - platformer\gamestate_platformer.c(1432): warning C4554: '&': check operator precedence for possible error; use parentheses to clarify precedence
  Project 2 Part 2 - Platformer.vcxproj -> C:\Users\Owner\Source\Repos\CS529Proj2Platformer\Project 2 Part 2 - Platformer\Debug\Project 2 Part 2 - Platformer.exe
  Project 2 Part 2 - Platformer.vcxproj -> C:\Users\Owner\Source\Repos\CS529Proj2Platformer\Project 2 Part 2 - Platformer\Debug\Project 2 Part 2 - Platformer.pdb (Full PDB)
